<?xml version="1.0" encoding="UTF-8"?>
<!-- Generated by org.testng.reporters.JUnitReportReporter -->
<testsuite skipped="0" hostname="CallCenter-BO3" name="basicflow.OrderCreationTest" tests="1" failures="0" timestamp="25 Nov 2019 06:03:47 GMT" time="43.630" errors="0">
  <testcase name="orderCreationUAE" time="43.630" classname="basicflow.OrderCreationTest"/>
</testsuite> <!-- basicflow.OrderCreationTest -->
