<?xml version="1.0" encoding="UTF-8"?>
<!-- Generated by org.testng.reporters.JUnitReportReporter -->
<testsuite skipped="0" hostname="CallCenter-BO3" name="basicflow.OrderCreationTest" tests="1" failures="0" timestamp="09 Dec 2019 08:03:51 GMT" time="42.203" errors="0">
  <testcase name="orderCreationUAE" time="42.203" classname="basicflow.OrderCreationTest"/>
</testsuite> <!-- basicflow.OrderCreationTest -->
