<?xml version="1.0" encoding="UTF-8"?>
<!-- Generated by org.testng.reporters.JUnitReportReporter -->
<testsuite skipped="0" hostname="CallCenter-BO3" name="basicflow.OrderCreationTest" tests="1" failures="0" timestamp="02 Feb 2020 08:04:16 GMT" time="71.220" errors="0">
  <testcase name="orderCreationUAE" time="71.220" classname="basicflow.OrderCreationTest"/>
</testsuite> <!-- basicflow.OrderCreationTest -->
