<?xml version="1.0" encoding="UTF-8"?>
<!-- Generated by org.testng.reporters.JUnitReportReporter -->
<testsuite skipped="0" hostname="CallCenter-BO3" name="basicflow.OrderCreationTest" tests="1" failures="0" timestamp="25 Mar 2020 14:16:24 GMT" time="78.600" errors="0">
  <testcase name="orderCreationUAE" time="78.600" classname="basicflow.OrderCreationTest"/>
</testsuite> <!-- basicflow.OrderCreationTest -->
