<?xml version="1.0" encoding="UTF-8"?>
<!-- Generated by org.testng.reporters.JUnitReportReporter -->
<testsuite skipped="1" hostname="LAPTOP-3AF0489H" name="basicflow.OrderCreationTest" tests="2" failures="0" timestamp="29 Oct 2019 12:33:51 GMT" time="46.810" errors="0">
  <testcase name="orderCreationUAE" time="46.810" classname="basicflow.OrderCreationTest"/>
  <testcase name="orderCreationSaudi" classname="basicflow.OrderCreationTest">
    <skipped/>
  </testcase> <!-- orderCreationSaudi -->
</testsuite> <!-- basicflow.OrderCreationTest -->
